\BOOKMARK [0][]{chapter.1}{\376\377\0001\000\040\000I\000n\000d\000l\000e\000d\000n\000i\000n\000g}{}% 1
\BOOKMARK [0][]{chapter*.2}{\376\377\000D\000r\000i\000k\000k\000e}{}% 2
\BOOKMARK [1][]{section*.3}{\376\377\000H\000v\000o\000r\000d\000a\000n\000\040\000m\000a\000n\000\040\000b\000r\000y\000g\000g\000e\000r}{chapter*.2}% 3
\BOOKMARK [0][]{chapter*.4}{\376\377\000O\000p\000s\000k\000r\000i\000f\000t\000e\000r}{}% 4
\BOOKMARK [0][]{chapter*.6}{\376\377\000I\000n\000g\000r\000e\000d\000i\000e\000n\000s\000e\000r}{}% 5
\BOOKMARK [0][]{chapter.2}{\376\377\0002\000\040\000N\000i\000v\000e\000a\000u\000\040\0001}{}% 6
\BOOKMARK [1][]{section*.8}{\376\377\000E\000v\000n\000e\000\040\000b\000e\000s\000k\000r\000i\000v\000e\000l\000s\000e}{chapter.2}% 7
\BOOKMARK [2][]{subsection*.9}{\376\377\000A\000l\000k\000y\000m\000i\000\040\000N\000i\000v\000.\000\040\0001}{section*.8}% 8
\BOOKMARK [2][]{subsection*.11}{\376\377\000I\000n\000d\000k\000o\000m\000s\000t}{section*.8}% 9
\BOOKMARK [2][]{subsection*.12}{\376\377\000K\000e\000m\000i\000s\000k\000\040\000v\000\345\000b\000e\000n}{section*.8}% 10
\BOOKMARK [2][]{subsection*.13}{\376\377\000L\000\346\000s\000e\000\040\000o\000g\000\040\000s\000k\000r\000i\000v\000e\000\040\000E\000l\000v\000i\000s\000k}{section*.8}% 11
\BOOKMARK [0][]{chapter.3}{\376\377\0003\000\040\000N\000i\000v\000e\000a\000u\000\040\0002}{}% 12
\BOOKMARK [1][]{section*.16}{\376\377\000E\000v\000n\000e\000\040\000b\000e\000s\000k\000r\000i\000v\000e\000l\000s\000e}{chapter.3}% 13
\BOOKMARK [2][]{subsection*.17}{\376\377\000A\000l\000k\000y\000m\000i\000\040\000N\000i\000v\000.\000\040\0002}{section*.16}% 14
\BOOKMARK [2][]{subsection*.19}{\376\377\000L\000\346\000s\000e\000\040\000o\000g\000\040\000s\000k\000r\000i\000v\000e\000\040\000M\000a\000g\000i\000s\000k}{section*.16}% 15
\BOOKMARK [2][]{subsection*.21}{\376\377\000P\000e\000r\000s\000o\000n\000l\000i\000g\000\040\000H\000a\000v\000e\000\040\000N\000i\000v\000.\000\040\0001}{section*.16}% 16
\BOOKMARK [0][]{chapter.4}{\376\377\0004\000\040\000N\000i\000v\000e\000a\000u\000\040\0003}{}% 17
\BOOKMARK [1][]{table.caption.22}{\376\377\000E\000v\000n\000e\000\040\000b\000e\000s\000k\000r\000i\000v\000e\000l\000s\000e}{chapter.4}% 18
\BOOKMARK [2][]{subsection*.23}{\376\377\000A\000l\000k\000y\000m\000i\000\040\000N\000i\000v\000.\000\040\0003}{table.caption.22}% 19
\BOOKMARK [2][]{subsection*.25}{\376\377\000F\000e\000l\000t\000l\000e\000d\000e\000r}{table.caption.22}% 20
\BOOKMARK [2][]{subsection*.26}{\376\377\000B\000r\000y\000g\000g\000e\000r\000e\000n\000s\000\040\000H\000e\000m\000m\000e\000l\000i\000g\000h\000e\000d}{table.caption.22}% 21
\BOOKMARK [2][]{subsection*.27}{\376\377\000U\000r\000t\000e\000s\000a\000m\000l\000e\000r}{table.caption.22}% 22
\BOOKMARK [2][]{subsection*.28}{\376\377\000U\000r\000t\000e\000u\000d\000v\000a\000l\000g}{table.caption.22}% 23
\BOOKMARK [0][]{chapter.5}{\376\377\0005\000\040\000N\000i\000v\000e\000a\000u\000\040\0004}{}% 24
\BOOKMARK [1][]{section*.33}{\376\377\000E\000v\000n\000e\000\040\000b\000e\000s\000k\000r\000i\000v\000e\000l\000s\000e\000\040\000f\000o\000r\000\040\000F\000o\000r\000s\000k\000e\000r}{chapter.5}% 25
\BOOKMARK [2][]{subsection*.34}{\376\377\000A\000l\000k\000y\000m\000i\000\040\000N\000i\000v\000.\000\040\0004}{section*.33}% 26
\BOOKMARK [2][]{subsection*.36}{\376\377\000D\000N\000A\000-\000M\000u\000t\000a\000t\000i\000o\000n}{section*.33}% 27
\BOOKMARK [2][]{subsection*.37}{\376\377\000E\000k\000s\000t\000r\000a\000\040\000N\000K\000\040\000N\000i\000v\000.\000\040\0001}{section*.33}% 28
\BOOKMARK [1][]{section*.38}{\376\377\000E\000v\000n\000e\000\040\000b\000e\000s\000k\000r\000i\000v\000e\000l\000s\000e\000\040\000f\000o\000r\000\040\000M\000y\000s\000t\000i\000k\000e\000r}{chapter.5}% 29
\BOOKMARK [2][]{subsection*.39}{\376\377\000B\000l\000a\000n\000d\000i\000n\000g\000s\000\040\000B\000a\000t\000t\000e\000r\000i}{section*.38}% 30
\BOOKMARK [2][]{subsection*.40}{\376\377\000G\000i\000f\000t\000e\000n\000s\000\040\000V\000a\000n\000v\000i\000d}{section*.38}% 31
\BOOKMARK [2][]{subsection*.41}{\376\377\000M\000a\000g\000i\000s\000k\000\040\000a\000l\000k\000y\000m\000i\000s\000t}{section*.38}% 32
\BOOKMARK [2][]{subsection*.42}{\376\377\000M\000a\000n\000a\000\040\000M\000i\000k\000s\000t\000u\000r}{section*.38}% 33
\BOOKMARK [2][]{subsection*.43}{\376\377\000P\000e\000r\000s\000o\000n\000l\000i\000g\000\040\000H\000a\000v\000e\000\040\000N\000i\000v\000.\000\040\0002}{section*.38}% 34
\BOOKMARK [0][]{chapter*.44}{\376\377\000G\000e\000n\000e\000r\000e\000l\000l\000e\000\040\000e\000v\000n\000e\000r}{}% 35
\BOOKMARK [1][]{table.caption.45}{\376\377\000E\000v\000n\000e\000\040\000b\000e\000s\000k\000r\000i\000v\000e\000l\000s\000e}{chapter*.44}% 36
\BOOKMARK [2][]{section*.46}{\376\377\0006\000.\000\040\000s\000a\000n\000s\000\040\000N\000i\000v\000.\000\040\0001}{table.caption.45}% 37
\BOOKMARK [2][]{section*.46}{\376\377\0006\000.\000\040\000s\000a\000n\000s\000\040\000N\000i\000v\000.\000\040\0002}{table.caption.45}% 38
\BOOKMARK [2][]{section*.46}{\376\377\000B\000o\000n\000k}{table.caption.45}% 39
\BOOKMARK [2][]{section*.46}{\376\377\000B\000r\000u\000g\000\040\000a\000f\000\040\000p\000i\000s\000t\000o\000l}{table.caption.45}% 40
\BOOKMARK [2][]{section*.46}{\376\377\000B\000\346\000r\000e\000\040\000p\000e\000r\000s\000o\000n}{table.caption.45}% 41
\BOOKMARK [2][]{section*.46}{\376\377\000K\000a\000m\000p\000\040\000m\000e\000d\000\040\000t\000o\000h\000\345\000n\000d\000s\000v\000\345\000b\000e\000n}{table.caption.45}% 42
\BOOKMARK [2][]{section*.46}{\376\377\000F\000\370\000r\000s\000t\000e\000h\000j\000\346\000l\000p}{table.caption.45}% 43
\BOOKMARK [2][]{section*.46}{\376\377\000L\000\346\000s\000e\000\040\000o\000g\000\040\000s\000k\000r\000i\000v\000e}{table.caption.45}% 44
\BOOKMARK [2][]{section*.46}{\376\377\000M\000i\000n\000e\000a\000r\000b\000e\000j\000d\000e\000r}{table.caption.45}% 45
\BOOKMARK [2][]{section*.46}{\376\377\000P\000\345\000f\000\370\000r\000\040\000g\000i\000f\000t}{table.caption.45}% 46
\BOOKMARK [2][]{section*.46}{\376\377\000S\000l\000a\000g\000s\000b\000r\000o\000r\000\040\000N\000i\000v\000.\000\040\0001}{table.caption.45}% 47
\BOOKMARK [2][]{section*.46}{\376\377\000S\000l\000a\000g\000s\000b\000r\000o\000r\000\040\000N\000i\000v\000.\000\040\0002}{table.caption.45}% 48
\BOOKMARK [2][]{section*.46}{\376\377\000S\000l\000a\000g\000s\000b\000r\000o\000r\000\040\000N\000i\000v\000.\000\040\0002}{table.caption.45}% 49
\BOOKMARK [2][]{section*.46}{\376\377\000S\000p\000e\000c\000i\000a\000l\000e}{table.caption.45}% 50
\BOOKMARK [2][]{subsection*.47}{\376\377\000U\000r\000t\000e\000s\000a\000m\000l\000e\000r}{table.caption.45}% 51
